<?xml version="1.0" encoding="utf-8"?><testsuites name="pytest tests"><testsuite name="pytest" errors="0" failures="0" skipped="0" tests="13" time="2.565" timestamp="2026-02-15T17:33:50.964348+00:00" hostname="agent-env-a17dee03-8a18-48d7-8abc-0473b198574e"><testcase classname="backend.tests.test_adverts.TestAdvertsPublicAPI" name="test_get_public_adverts_default" time="0.271" /><testcase classname="backend.tests.test_adverts.TestAdvertsPublicAPI" name="test_get_public_adverts_with_product_filter" time="0.145" /><testcase classname="backend.tests.test_adverts.TestAdvertsPublicAPI" name="test_get_public_adverts_with_language" time="0.115" /><testcase classname="backend.tests.test_adverts.TestAdvertsPublicAPI" name="test_get_public_adverts_has_cta_fields" time="0.146" /><testcase classname="backend.tests.test_adverts.TestAdvertsPublicAPI" name="test_get_public_adverts_swahili_language" time="0.114" /><testcase classname="backend.tests.test_adverts.TestAdvertsPublicAPI" name="test_get_public_adverts_french_language" time="0.107" /><testcase classname="backend.tests.test_adverts.TestAdvertsAuthenticatedAPI" name="test_get_all_adverts_authenticated" time="0.442" /><testcase classname="backend.tests.test_adverts.TestAdvertsAuthenticatedAPI" name="test_get_advert_by_id" time="0.590" /><testcase classname="backend.tests.test_adverts.TestAdvertsAuthenticatedAPI" name="test_get_available_languages" time="0.113" /><testcase classname="backend.tests.test_adverts.TestAdvertsCarouselIntegration" name="test_adverts_have_correct_priority_order" time="0.109" /><testcase classname="backend.tests.test_adverts.TestAdvertsCarouselIntegration" name="test_adverts_colors_are_valid_hex" time="0.115" /><testcase classname="backend.tests.test_adverts.TestAdvertsCarouselIntegration" name="test_adverts_have_icon_or_image" time="0.120" /><testcase classname="backend.tests.test_adverts.TestHealthCheck" name="test_api_health" time="0.111" /></testsuite></testsuites>