<?xml version="1.0" encoding="utf-8"?><testsuites name="pytest tests"><testsuite name="pytest" errors="0" failures="0" skipped="0" tests="7" time="2.708" timestamp="2026-03-02T09:03:35.997151+00:00" hostname="agent-env-fc96b88a-1260-4f1a-a5c7-890431a2a272"><testcase classname="backend.tests.test_auth_settings.TestAuthEndpoints" name="test_login_success" time="0.385" /><testcase classname="backend.tests.test_auth_settings.TestAuthEndpoints" name="test_auth_me_returns_correct_role" time="0.438" /><testcase classname="backend.tests.test_auth_settings.TestAuthEndpoints" name="test_auth_me_unauthorized_without_token" time="0.099" /><testcase classname="backend.tests.test_auth_settings.TestAuthEndpoints" name="test_auth_me_invalid_token" time="0.109" /><testcase classname="backend.tests.test_auth_settings.TestBusinessSettings" name="test_get_business_settings" time="0.431" /><testcase classname="backend.tests.test_auth_settings.TestBusinessSettings" name="test_update_sku_settings" time="0.696" /><testcase classname="backend.tests.test_auth_settings.TestCategoriesForBulkImport" name="test_get_categories" time="0.487" /></testsuite></testsuites>