<?xml version="1.0" encoding="utf-8"?><testsuites name="pytest tests"><testsuite name="pytest" errors="0" failures="0" skipped="0" tests="17" time="8.365" timestamp="2026-03-06T19:38:08.883955+00:00" hostname="agent-env-dc94b415-e70b-4598-b04b-723a4331e5d4"><testcase classname="backend.tests.test_inventory_suppliers.TestSuppliersAPI" name="test_get_suppliers_list" time="0.482" /><testcase classname="backend.tests.test_inventory_suppliers.TestSuppliersAPI" name="test_get_suppliers_with_search" time="0.441" /><testcase classname="backend.tests.test_inventory_suppliers.TestSuppliersAPI" name="test_get_suppliers_with_status_filter" time="0.434" /><testcase classname="backend.tests.test_inventory_suppliers.TestSuppliersAPI" name="test_create_supplier_success" time="0.529" /><testcase classname="backend.tests.test_inventory_suppliers.TestSuppliersAPI" name="test_create_supplier_minimal" time="0.478" /><testcase classname="backend.tests.test_inventory_suppliers.TestSuppliersAPI" name="test_create_supplier_duplicate_name_fails" time="0.520" /><testcase classname="backend.tests.test_inventory_suppliers.TestSuppliersAPI" name="test_create_supplier_missing_name_fails" time="0.411" /><testcase classname="backend.tests.test_inventory_suppliers.TestSuppliersAPI" name="test_get_supplier_by_id" time="0.559" /><testcase classname="backend.tests.test_inventory_suppliers.TestSuppliersAPI" name="test_get_supplier_invalid_id_fails" time="0.441" /><testcase classname="backend.tests.test_inventory_suppliers.TestSuppliersAPI" name="test_get_supplier_nonexistent_id_fails" time="0.379" /><testcase classname="backend.tests.test_inventory_suppliers.TestSuppliersAPI" name="test_update_supplier_success" time="0.577" /><testcase classname="backend.tests.test_inventory_suppliers.TestSuppliersAPI" name="test_update_supplier_status" time="0.575" /><testcase classname="backend.tests.test_inventory_suppliers.TestSuppliersAPI" name="test_update_supplier_invalid_id_fails" time="0.429" /><testcase classname="backend.tests.test_inventory_suppliers.TestSuppliersAPI" name="test_delete_supplier_success" time="0.514" /><testcase classname="backend.tests.test_inventory_suppliers.TestSuppliersAPI" name="test_delete_supplier_invalid_id_fails" time="0.406" /><testcase classname="backend.tests.test_inventory_suppliers.TestSuppliersAPI" name="test_get_supplier_items" time="0.492" /><testcase classname="backend.tests.test_inventory_suppliers.TestSuppliersIntegration" name="test_full_supplier_crud_flow" time="0.618" /></testsuite></testsuites>