<?xml version="1.0" encoding="utf-8"?><testsuites name="pytest tests"><testsuite name="pytest" errors="0" failures="0" skipped="0" tests="12" time="7.218" timestamp="2026-03-06T20:31:59.977416+00:00" hostname="agent-env-996c7369-3a9c-42a2-b67c-3dee47fe8a9a"><testcase classname="tests.test_product_crud.TestProductCRUD" name="test_01_get_categories" time="0.567" /><testcase classname="tests.test_product_crud.TestProductCRUD" name="test_02_get_products_list" time="0.458" /><testcase classname="tests.test_product_crud.TestProductCRUD" name="test_03_create_product_basic" time="0.582" /><testcase classname="tests.test_product_crud.TestProductCRUD" name="test_04_create_product_all_fields" time="0.692" /><testcase classname="tests.test_product_crud.TestProductCRUD" name="test_05_update_product_price" time="0.617" /><testcase classname="tests.test_product_crud.TestProductCRUD" name="test_06_update_product_stock" time="0.464" /><testcase classname="tests.test_product_crud.TestProductCRUD" name="test_07_update_product_all_fields" time="0.480" /><testcase classname="tests.test_product_crud.TestProductCRUD" name="test_08_update_nonexistent_product" time="0.459" /><testcase classname="tests.test_product_crud.TestProductCRUD" name="test_09_delete_product" time="0.591" /><testcase classname="tests.test_product_crud.TestProductCRUD" name="test_10_delete_full_product" time="0.572" /><testcase classname="tests.test_product_crud.TestProductCRUD" name="test_11_delete_nonexistent_product" time="0.460" /><testcase classname="tests.test_product_crud.TestProductCRUDIntegration" name="test_full_crud_flow" time="1.205" /></testsuite></testsuites>