<?xml version="1.0" encoding="utf-8"?><testsuites name="pytest tests"><testsuite name="pytest" errors="0" failures="0" skipped="0" tests="14" time="5.576" timestamp="2026-03-01T16:42:51.511369+00:00" hostname="agent-env-fc96b88a-1260-4f1a-a5c7-890431a2a272"><testcase classname="backend.tests.test_reports_api.TestAuth" name="test_admin_login_success" time="0.367" /><testcase classname="backend.tests.test_reports_api.TestAuth" name="test_demo_login_success" time="0.345" /><testcase classname="backend.tests.test_reports_api.TestAuth" name="test_login_invalid_credentials" time="0.124" /><testcase classname="backend.tests.test_reports_api.TestReportsAPI" name="test_reports_summary_default" time="0.439" /><testcase classname="backend.tests.test_reports_api.TestReportsAPI" name="test_reports_summary_with_start_end_dates" time="0.450" /><testcase classname="backend.tests.test_reports_api.TestReportsAPI" name="test_reports_summary_single_day" time="0.442" /><testcase classname="backend.tests.test_reports_api.TestReportsAPI" name="test_reports_summary_week_period" time="0.449" /><testcase classname="backend.tests.test_reports_api.TestReportsAPI" name="test_reports_summary_month_period" time="0.447" /><testcase classname="backend.tests.test_reports_api.TestReportsAPI" name="test_reports_summary_quarter_period" time="0.448" /><testcase classname="backend.tests.test_reports_api.TestReportsAPI" name="test_reports_summary_year_period" time="0.471" /><testcase classname="backend.tests.test_reports_api.TestReportsAPI" name="test_reports_summary_unauthorized" time="0.112" /><testcase classname="backend.tests.test_reports_api.TestProductsAPI" name="test_get_products" time="0.448" /><testcase classname="backend.tests.test_reports_api.TestCustomersAPI" name="test_get_customers" time="0.459" /><testcase classname="backend.tests.test_reports_api.TestCategoriesAPI" name="test_get_categories" time="0.517" /></testsuite></testsuites>