<?xml version="1.0" encoding="utf-8"?><testsuites name="pytest tests"><testsuite name="pytest" errors="0" failures="0" skipped="0" tests="14" time="5.648" timestamp="2026-03-01T15:20:48.904459+00:00" hostname="agent-env-fc96b88a-1260-4f1a-a5c7-890431a2a272"><testcase classname="backend.tests.test_reports_api.TestAuth" name="test_admin_login_success" time="0.373" /><testcase classname="backend.tests.test_reports_api.TestAuth" name="test_demo_login_success" time="0.392" /><testcase classname="backend.tests.test_reports_api.TestAuth" name="test_login_invalid_credentials" time="0.104" /><testcase classname="backend.tests.test_reports_api.TestReportsAPI" name="test_reports_summary_default" time="0.462" /><testcase classname="backend.tests.test_reports_api.TestReportsAPI" name="test_reports_summary_with_start_end_dates" time="0.468" /><testcase classname="backend.tests.test_reports_api.TestReportsAPI" name="test_reports_summary_single_day" time="0.448" /><testcase classname="backend.tests.test_reports_api.TestReportsAPI" name="test_reports_summary_week_period" time="0.425" /><testcase classname="backend.tests.test_reports_api.TestReportsAPI" name="test_reports_summary_month_period" time="0.434" /><testcase classname="backend.tests.test_reports_api.TestReportsAPI" name="test_reports_summary_quarter_period" time="0.426" /><testcase classname="backend.tests.test_reports_api.TestReportsAPI" name="test_reports_summary_year_period" time="0.446" /><testcase classname="backend.tests.test_reports_api.TestReportsAPI" name="test_reports_summary_unauthorized" time="0.182" /><testcase classname="backend.tests.test_reports_api.TestProductsAPI" name="test_get_products" time="0.470" /><testcase classname="backend.tests.test_reports_api.TestCustomersAPI" name="test_get_customers" time="0.494" /><testcase classname="backend.tests.test_reports_api.TestCategoriesAPI" name="test_get_categories" time="0.454" /></testsuite></testsuites>