<?xml version="1.0" encoding="utf-8"?><testsuites name="pytest tests"><testsuite name="pytest" errors="0" failures="1" skipped="1" tests="22" time="6.465" timestamp="2026-02-28T10:44:36.137236+00:00" hostname="agent-env-542a94d7-b830-4d23-8547-ec3029e4588d"><testcase classname="tests.test_retailpro_apis.TestHealthCheck" name="test_health_endpoint" time="0.305" /><testcase classname="tests.test_retailpro_apis.TestAuthentication" name="test_admin_login_success" time="0.489" /><testcase classname="tests.test_retailpro_apis.TestAuthentication" name="test_demo_login_success" time="0.469" /><testcase classname="tests.test_retailpro_apis.TestAuthentication" name="test_login_invalid_credentials" time="0.244" /><testcase classname="tests.test_retailpro_apis.TestAuthentication" name="test_login_missing_password" time="0.259" /><testcase classname="tests.test_retailpro_apis.TestProducts" name="test_list_products" time="0.712" /><testcase classname="tests.test_retailpro_apis.TestProducts" name="test_list_products_with_filters" time="0.258" /><testcase classname="tests.test_retailpro_apis.TestProducts" name="test_list_products_unauthorized" time="0.245" /><testcase classname="tests.test_retailpro_apis.TestCategories" name="test_list_categories" time="0.234" /><testcase classname="tests.test_retailpro_apis.TestCategories" name="test_categories_structure" time="0.239" /><testcase classname="tests.test_retailpro_apis.TestCustomers" name="test_list_customers" time="0.240" /><testcase classname="tests.test_retailpro_apis.TestCustomers" name="test_list_customers_with_search" time="0.239" /><testcase classname="tests.test_retailpro_apis.TestCustomers" name="test_create_customer" time="0.237"><failure message="AssertionError: Create customer failed: {&quot;detail&quot;:&quot;Phone number must have at least 9 digits&quot;}&#10;assert 400 in [200, 201]&#10; +  where 400 = &lt;Response [400]&gt;.status_code">tests/test_retailpro_apis.py:196: in test_create_customer
    assert create_response.status_code in [200, 201], f"Create customer failed: {create_response.text}"
E   AssertionError: Create customer failed: {"detail":"Phone number must have at least 9 digits"}
E   assert 400 in [200, 201]
E    +  where 400 = &lt;Response [400]&gt;.status_code</failure></testcase><testcase classname="tests.test_retailpro_apis.TestOrders" name="test_list_orders" time="0.238" /><testcase classname="tests.test_retailpro_apis.TestOrders" name="test_list_orders_with_filters" time="0.242" /><testcase classname="tests.test_retailpro_apis.TestOrders" name="test_create_order" time="0.238"><skipped type="pytest.skip" message="No products available">/app/backend/tests/test_retailpro_apis.py:240: No products available</skipped></testcase><testcase classname="tests.test_retailpro_apis.TestDashboard" name="test_dashboard_stats" time="0.248" /><testcase classname="tests.test_retailpro_apis.TestDashboard" name="test_dashboard_unauthorized" time="0.252" /><testcase classname="tests.test_retailpro_apis.TestOrderStats" name="test_order_stats_summary" time="0.241" /><testcase classname="tests.test_retailpro_apis.TestTopCustomers" name="test_top_customers" time="0.246" /><testcase classname="tests.test_retailpro_apis.TestLowStockAlerts" name="test_low_stock_alerts" time="0.265" /><testcase classname="tests.test_retailpro_apis.TestOrderFlow" name="test_full_order_flow" time="0.248" /></testsuite></testsuites>