<?xml version="1.0" encoding="utf-8"?><testsuites name="pytest tests"><testsuite name="pytest" errors="0" failures="0" skipped="1" tests="22" time="6.519" timestamp="2026-02-28T10:45:01.199990+00:00" hostname="agent-env-542a94d7-b830-4d23-8547-ec3029e4588d"><testcase classname="tests.test_retailpro_apis.TestHealthCheck" name="test_health_endpoint" time="0.284" /><testcase classname="tests.test_retailpro_apis.TestAuthentication" name="test_admin_login_success" time="0.467" /><testcase classname="tests.test_retailpro_apis.TestAuthentication" name="test_demo_login_success" time="0.467" /><testcase classname="tests.test_retailpro_apis.TestAuthentication" name="test_login_invalid_credentials" time="0.243" /><testcase classname="tests.test_retailpro_apis.TestAuthentication" name="test_login_missing_password" time="0.246" /><testcase classname="tests.test_retailpro_apis.TestProducts" name="test_list_products" time="0.712" /><testcase classname="tests.test_retailpro_apis.TestProducts" name="test_list_products_with_filters" time="0.258" /><testcase classname="tests.test_retailpro_apis.TestProducts" name="test_list_products_unauthorized" time="0.242" /><testcase classname="tests.test_retailpro_apis.TestCategories" name="test_list_categories" time="0.267" /><testcase classname="tests.test_retailpro_apis.TestCategories" name="test_categories_structure" time="0.242" /><testcase classname="tests.test_retailpro_apis.TestCustomers" name="test_list_customers" time="0.248" /><testcase classname="tests.test_retailpro_apis.TestCustomers" name="test_list_customers_with_search" time="0.245" /><testcase classname="tests.test_retailpro_apis.TestCustomers" name="test_create_customer" time="0.251" /><testcase classname="tests.test_retailpro_apis.TestOrders" name="test_list_orders" time="0.244" /><testcase classname="tests.test_retailpro_apis.TestOrders" name="test_list_orders_with_filters" time="0.238" /><testcase classname="tests.test_retailpro_apis.TestOrders" name="test_create_order" time="0.257"><skipped type="pytest.skip" message="No products available">/app/backend/tests/test_retailpro_apis.py:240: No products available</skipped></testcase><testcase classname="tests.test_retailpro_apis.TestDashboard" name="test_dashboard_stats" time="0.260" /><testcase classname="tests.test_retailpro_apis.TestDashboard" name="test_dashboard_unauthorized" time="0.319" /><testcase classname="tests.test_retailpro_apis.TestOrderStats" name="test_order_stats_summary" time="0.240" /><testcase classname="tests.test_retailpro_apis.TestTopCustomers" name="test_top_customers" time="0.242" /><testcase classname="tests.test_retailpro_apis.TestLowStockAlerts" name="test_low_stock_alerts" time="0.247" /><testcase classname="tests.test_retailpro_apis.TestOrderFlow" name="test_full_order_flow" time="0.244" /></testsuite></testsuites>