<?xml version="1.0" encoding="utf-8"?><testsuites name="pytest tests"><testsuite name="pytest" errors="0" failures="10" skipped="0" tests="22" time="5.326" timestamp="2026-02-17T16:50:01.163153+00:00" hostname="agent-env-542a94d7-b830-4d23-8547-ec3029e4588d"><testcase classname="backend.tests.test_retailpro_apis.TestHealthCheck" name="test_health_endpoint" time="0.298" /><testcase classname="backend.tests.test_retailpro_apis.TestAuthentication" name="test_admin_login_success" time="0.409" /><testcase classname="backend.tests.test_retailpro_apis.TestAuthentication" name="test_demo_login_success" time="0.366" /><testcase classname="backend.tests.test_retailpro_apis.TestAuthentication" name="test_login_invalid_credentials" time="0.149" /><testcase classname="backend.tests.test_retailpro_apis.TestAuthentication" name="test_login_missing_password" time="0.229" /><testcase classname="backend.tests.test_retailpro_apis.TestProducts" name="test_list_products" time="0.589"><failure message="AssertionError: No products key in response&#10;assert 'products' in [{'barcode': None, 'business_id': None, 'category_id': '69949327e6fea573b59e362d', 'category_name': 'Electronics', ...}, {'barcode': None, 'business_id': None, 'category_id': '69949327e6fea573b59e362d', 'category_name': 'Electronics', ...}, {'barcode': None, 'business_id': None, 'category_id': '69949327e6fea573b59e362d', 'category_name': 'Electronics', ...}, {'barcode': None, 'business_id': None, 'category_id': '69949327e6fea573b59e362d', 'category_name': 'Electronics', ...}, {'barcode': None, 'business_id': None, 'category_id': '69949327e6fea573b59e362e', 'category_name': 'Clothing', ...}, {'barcode': None, 'business_id': None, 'category_id': '69949327e6fea573b59e362e', 'category_name': 'Clothing', ...}, ...]">backend/tests/test_retailpro_apis.py:105: in test_list_products
    assert "products" in data, "No products key in response"
E   AssertionError: No products key in response
E   assert 'products' in [{'barcode': None, 'business_id': None, 'category_id': '69949327e6fea573b59e362d', 'category_name': 'Electronics', ...}, {'barcode': None, 'business_id': None, 'category_id': '69949327e6fea573b59e362d', 'category_name': 'Electronics', ...}, {'barcode': None, 'business_id': None, 'category_id': '69949327e6fea573b59e362d', 'category_name': 'Electronics', ...}, {'barcode': None, 'business_id': None, 'category_id': '69949327e6fea573b59e362d', 'category_name': 'Electronics', ...}, {'barcode': None, 'business_id': None, 'category_id': '69949327e6fea573b59e362e', 'category_name': 'Clothing', ...}, {'barcode': None, 'business_id': None, 'category_id': '69949327e6fea573b59e362e', 'category_name': 'Clothing', ...}, ...]</failure></testcase><testcase classname="backend.tests.test_retailpro_apis.TestProducts" name="test_list_products_with_filters" time="0.143"><failure message="AttributeError: 'list' object has no attribute 'get'">backend/tests/test_retailpro_apis.py:119: in test_list_products_with_filters
    assert len(data.get("products", [])) &lt;= 5
               ^^^^^^^^
E   AttributeError: 'list' object has no attribute 'get'</failure></testcase><testcase classname="backend.tests.test_retailpro_apis.TestProducts" name="test_list_products_unauthorized" time="0.114" /><testcase classname="backend.tests.test_retailpro_apis.TestCategories" name="test_list_categories" time="0.130"><failure message="AssertionError: List categories failed: {&quot;detail&quot;:&quot;Not Found&quot;}&#10;assert 404 == 200&#10; +  where 404 = &lt;Response [404]&gt;.status_code">backend/tests/test_retailpro_apis.py:135: in test_list_categories
    assert response.status_code == 200, f"List categories failed: {response.text}"
E   AssertionError: List categories failed: {"detail":"Not Found"}
E   assert 404 == 200
E    +  where 404 = &lt;Response [404]&gt;.status_code</failure></testcase><testcase classname="backend.tests.test_retailpro_apis.TestCategories" name="test_categories_structure" time="0.134"><failure message="assert 404 == 200&#10; +  where 404 = &lt;Response [404]&gt;.status_code">backend/tests/test_retailpro_apis.py:144: in test_categories_structure
    assert response.status_code == 200
E   assert 404 == 200
E    +  where 404 = &lt;Response [404]&gt;.status_code</failure></testcase><testcase classname="backend.tests.test_retailpro_apis.TestCustomers" name="test_list_customers" time="0.175"><failure message="AssertionError: No customers key in response&#10;assert 'customers' in [{'address': '123 Main St, Dar es Salaam', 'birthday': None, 'business_id': None, 'company_id': None, ...}, {'address': '456 Oak Ave, Arusha', 'birthday': None, 'business_id': None, 'company_id': None, ...}, {'address': '789 Pine Rd, Mwanza', 'birthday': None, 'business_id': None, 'company_id': None, ...}, {'address': '321 Elm St, Dodoma', 'birthday': None, 'business_id': None, 'company_id': None, ...}, {'address': '654 Cedar Ln, Zanzibar', 'birthday': None, 'business_id': None, 'company_id': None, ...}, {'address': '987 Birch Dr, Morogoro', 'birthday': None, 'business_id': None, 'company_id': None, ...}, ...]">backend/tests/test_retailpro_apis.py:161: in test_list_customers
    assert "customers" in data, "No customers key in response"
E   AssertionError: No customers key in response
E   assert 'customers' in [{'address': '123 Main St, Dar es Salaam', 'birthday': None, 'business_id': None, 'company_id': None, ...}, {'address': '456 Oak Ave, Arusha', 'birthday': None, 'business_id': None, 'company_id': None, ...}, {'address': '789 Pine Rd, Mwanza', 'birthday': None, 'business_id': None, 'company_id': None, ...}, {'address': '321 Elm St, Dodoma', 'birthday': None, 'business_id': None, 'company_id': None, ...}, {'address': '654 Cedar Ln, Zanzibar', 'birthday': None, 'business_id': None, 'company_id': None, ...}, {'address': '987 Birch Dr, Morogoro', 'birthday': None, 'business_id': None, 'company_id': None, ...}, ...]</failure></testcase><testcase classname="backend.tests.test_retailpro_apis.TestCustomers" name="test_list_customers_with_search" time="0.139" /><testcase classname="backend.tests.test_retailpro_apis.TestCustomers" name="test_create_and_delete_customer" time="0.293"><failure message="assert 404 == 200&#10; +  where 404 = &lt;Response [404]&gt;.status_code">backend/tests/test_retailpro_apis.py:202: in test_create_and_delete_customer
    assert get_response.status_code == 200
E   assert 404 == 200
E    +  where 404 = &lt;Response [404]&gt;.status_code</failure></testcase><testcase classname="backend.tests.test_retailpro_apis.TestOrders" name="test_list_orders" time="0.136"><failure message="AssertionError: No orders key in response&#10;assert 'orders' in [{'amount_due': 0.0, 'amount_paid': 3799.97, 'business_id': None, 'created_at': '2026-02-17T16:46:49.381000', ...}, {'amount_due': 0.0, 'amount_paid': 256.93, 'business_id': None, 'created_at': '2026-02-17T16:46:49.243000', ...}, {'amount_due': 0.0, 'amount_paid': 1549.98, 'business_id': None, 'created_at': '2026-02-17T16:46:49.116000', ...}, {'amount_due': 0.0, 'amount_paid': 107.88, 'business_id': None, 'created_at': '2026-02-17T16:46:48.912000', ...}, {'amount_due': 0.0, 'amount_paid': 299.95, 'business_id': None, 'created_at': '2026-02-17T16:46:48.723000', ...}, {'amount_due': 0.0, 'amount_paid': 1547.96, 'business_id': None, 'created_at': '2026-02-17T16:46:48.568000', ...}, ...]">backend/tests/test_retailpro_apis.py:232: in test_list_orders
    assert "orders" in data, "No orders key in response"
E   AssertionError: No orders key in response
E   assert 'orders' in [{'amount_due': 0.0, 'amount_paid': 3799.97, 'business_id': None, 'created_at': '2026-02-17T16:46:49.381000', ...}, {'amount_due': 0.0, 'amount_paid': 256.93, 'business_id': None, 'created_at': '2026-02-17T16:46:49.243000', ...}, {'amount_due': 0.0, 'amount_paid': 1549.98, 'business_id': None, 'created_at': '2026-02-17T16:46:49.116000', ...}, {'amount_due': 0.0, 'amount_paid': 107.88, 'business_id': None, 'created_at': '2026-02-17T16:46:48.912000', ...}, {'amount_due': 0.0, 'amount_paid': 299.95, 'business_id': None, 'created_at': '2026-02-17T16:46:48.723000', ...}, {'amount_due': 0.0, 'amount_paid': 1547.96, 'business_id': None, 'created_at': '2026-02-17T16:46:48.568000', ...}, ...]</failure></testcase><testcase classname="backend.tests.test_retailpro_apis.TestOrders" name="test_list_orders_with_filters" time="0.294"><failure message="AttributeError: 'list' object has no attribute 'get'">backend/tests/test_retailpro_apis.py:249: in test_list_orders_with_filters
    print(f"✓ Filtered orders query returned {len(data.get('orders', []))} items")
                                                  ^^^^^^^^
E   AttributeError: 'list' object has no attribute 'get'</failure></testcase><testcase classname="backend.tests.test_retailpro_apis.TestOrders" name="test_create_order" time="0.403"><failure message="AttributeError: 'list' object has no attribute 'get'">backend/tests/test_retailpro_apis.py:258: in test_create_order
    products = products_response.json().get("products", [])
               ^^^^^^^^^^^^^^^^^^^^^^^^^^^^
E   AttributeError: 'list' object has no attribute 'get'</failure></testcase><testcase classname="backend.tests.test_retailpro_apis.TestDashboard" name="test_dashboard_stats" time="0.168" /><testcase classname="backend.tests.test_retailpro_apis.TestDashboard" name="test_dashboard_unauthorized" time="0.211" /><testcase classname="backend.tests.test_retailpro_apis.TestOrderStats" name="test_order_stats_summary" time="0.125" /><testcase classname="backend.tests.test_retailpro_apis.TestTopCustomers" name="test_top_customers" time="0.136" /><testcase classname="backend.tests.test_retailpro_apis.TestLowStockAlerts" name="test_low_stock_alerts" time="0.324" /><testcase classname="backend.tests.test_retailpro_apis.TestOrderFlow" name="test_full_order_flow" time="0.189"><failure message="AttributeError: 'list' object has no attribute 'get'">backend/tests/test_retailpro_apis.py:388: in test_full_order_flow
    products = products_resp.json().get("products", [])
               ^^^^^^^^^^^^^^^^^^^^^^^^
E   AttributeError: 'list' object has no attribute 'get'</failure></testcase></testsuite></testsuites>