<?xml version="1.0" encoding="utf-8"?><testsuites name="pytest tests"><testsuite name="pytest" errors="0" failures="0" skipped="0" tests="22" time="5.029" timestamp="2026-02-17T16:51:59.663872+00:00" hostname="agent-env-542a94d7-b830-4d23-8547-ec3029e4588d"><testcase classname="backend.tests.test_retailpro_apis.TestHealthCheck" name="test_health_endpoint" time="0.200" /><testcase classname="backend.tests.test_retailpro_apis.TestAuthentication" name="test_admin_login_success" time="0.389" /><testcase classname="backend.tests.test_retailpro_apis.TestAuthentication" name="test_demo_login_success" time="0.397" /><testcase classname="backend.tests.test_retailpro_apis.TestAuthentication" name="test_login_invalid_credentials" time="0.170" /><testcase classname="backend.tests.test_retailpro_apis.TestAuthentication" name="test_login_missing_password" time="0.136" /><testcase classname="backend.tests.test_retailpro_apis.TestProducts" name="test_list_products" time="0.491" /><testcase classname="backend.tests.test_retailpro_apis.TestProducts" name="test_list_products_with_filters" time="0.226" /><testcase classname="backend.tests.test_retailpro_apis.TestProducts" name="test_list_products_unauthorized" time="0.166" /><testcase classname="backend.tests.test_retailpro_apis.TestCategories" name="test_list_categories" time="0.191" /><testcase classname="backend.tests.test_retailpro_apis.TestCategories" name="test_categories_structure" time="0.210" /><testcase classname="backend.tests.test_retailpro_apis.TestCustomers" name="test_list_customers" time="0.160" /><testcase classname="backend.tests.test_retailpro_apis.TestCustomers" name="test_list_customers_with_search" time="0.136" /><testcase classname="backend.tests.test_retailpro_apis.TestCustomers" name="test_create_customer" time="0.235" /><testcase classname="backend.tests.test_retailpro_apis.TestOrders" name="test_list_orders" time="0.189" /><testcase classname="backend.tests.test_retailpro_apis.TestOrders" name="test_list_orders_with_filters" time="0.125" /><testcase classname="backend.tests.test_retailpro_apis.TestOrders" name="test_create_order" time="0.320" /><testcase classname="backend.tests.test_retailpro_apis.TestDashboard" name="test_dashboard_stats" time="0.154" /><testcase classname="backend.tests.test_retailpro_apis.TestDashboard" name="test_dashboard_unauthorized" time="0.201" /><testcase classname="backend.tests.test_retailpro_apis.TestOrderStats" name="test_order_stats_summary" time="0.169" /><testcase classname="backend.tests.test_retailpro_apis.TestTopCustomers" name="test_top_customers" time="0.148" /><testcase classname="backend.tests.test_retailpro_apis.TestLowStockAlerts" name="test_low_stock_alerts" time="0.217" /><testcase classname="backend.tests.test_retailpro_apis.TestOrderFlow" name="test_full_order_flow" time="0.315" /></testsuite></testsuites>